<!DOCTYPE html PUBLIC "-//W3C//DTD XHTML 1.1//EN" "https://www.w3.org/TR/xhtml11/DTD/xhtml11.dtd">
<html xmlns="https://www.w3.org/1999/xhtml">
<head>
<meta http-equiv="content-type" content="text/html; charset=UTF-8"/>
<title>TestNG Report</title>
<style type="text/css">table {margin-bottom:10px;border-collapse:collapse;empty-cells:show}th,td {border:1px solid #009;padding:.25em .5em}th {vertical-align:bottom}td {vertical-align:top}table a {font-weight:bold}.stripe td {background-color: #E6EBF9}.num {text-align:right}.passedodd td {background-color: #3F3}.passedeven td {background-color: #0A0}.skippedodd td {background-color: #DDD}.skippedeven td {background-color: #CCC}.failedodd td,.attn {background-color: #F33}.failedeven td,.stripe .attn {background-color: #D00}.stacktrace {white-space:pre;font-family:monospace}.totop {font-size:85%;text-align:center;border-bottom:2px solid #000}.invisible {display:none}</style>
</head>
<body>
<table>
<tr><th>Test</th><th># Passed</th><th># Skipped</th><th># Retried</th><th># Failed</th><th>Time (ms)</th><th>Included Groups</th><th>Excluded Groups</th></tr>
<tr><th colspan="8">Regression test Suite</th></tr>
<tr><td><a href="#t0">Tek Insurance API Tests</a></td><td class="num">8</td><td class="num">0</td><td class="num">0</td><td class="num attn">2</td><td class="num">17,616</td><td></td><td></td></tr>
</table>
<table id='summary'><thead><tr><th>Class</th><th>Method</th><th>Start</th><th>Time (ms)</th></tr></thead><tbody><tr><th colspan="4">Regression test Suite</th></tr></tbody><tbody id="t0"><tr><th colspan="4">Tek Insurance API Tests &#8212; failed</th></tr><tr class="failedeven"><td rowspan="1">tek.api.sqa.tests.AddPrimaryAccountTest</td><td><a href="#m0">addPrimaryAccount</a></td><td rowspan="1">1685497262095</td><td rowspan="1">2815</td></tr><tr class="failedodd"><td rowspan="1">tek.api.sqa.tests.UserProfileTest</td><td><a href="#m1">userProfileTest</a></td><td rowspan="1">1685497277904</td><td rowspan="1">1015</td></tr><tr><th colspan="4">Tek Insurance API Tests &#8212; passed</th></tr><tr class="passedeven"><td rowspan="1">tek.api.sqa.tests.CreateAccountTest</td><td><a href="#m2">createAccountValidTest</a></td><td rowspan="1">1685497264923</td><td rowspan="1">1367</td></tr><tr class="passedodd"><td rowspan="1">tek.api.sqa.tests.GetAccountTest</td><td><a href="#m3">getAccountWithAnID</a></td><td rowspan="1">1685497266292</td><td rowspan="1">1260</td></tr><tr class="passedeven"><td rowspan="1">tek.api.sqa.tests.GetAllAccountsTest</td><td><a href="#m4">getAllAccounts</a></td><td rowspan="1">1685497267554</td><td rowspan="1">6440</td></tr><tr class="passedodd"><td rowspan="1">tek.api.sqa.tests.GetAllPlanCodeTest</td><td><a href="#m5">getAllPlanCode</a></td><td rowspan="1">1685497273996</td><td rowspan="1">1291</td></tr><tr class="passedeven"><td rowspan="2">tek.api.sqa.tests.SecurityTest</td><td><a href="#m6">testGeneratedTokenWithInvalidUsername</a></td><td rowspan="1">1685497275289</td><td rowspan="1">465</td></tr><tr class="passedeven"><td><a href="#m7">testGeneratedTokenWithValidUsername</a></td><td rowspan="1">1685497275755</td><td rowspan="1">545</td></tr><tr class="passedodd"><td rowspan="2">tek.api.sqa.tests.TokenVerifyTest</td><td><a href="#m8">tokenVerifyTest</a></td><td rowspan="1">1685497276302</td><td rowspan="1">1164</td></tr><tr class="passedodd"><td><a href="#m9">verifyTestWithInvalidToken</a></td><td rowspan="1">1685497277468</td><td rowspan="1">434</td></tr></tbody>
</table>
<h2>Tek Insurance API Tests</h2><h3 id="m0">tek.api.sqa.tests.AddPrimaryAccountTest#addPrimaryAccount</h3><table class="result"><tr><th>Exception</th></tr><tr><td><div class="stacktrace">java.lang.AssertionError: expected [201] but found [400]
	at tek.api.sqa.tests.AddPrimaryAccountTest.addPrimaryAccount(AddPrimaryAccountTest.java:37)
	at java.base/java.util.ArrayList.forEach(ArrayList.java:1541)
... Removed 33 stack frames</div></td></tr></table><p class="totop"><a href="#summary">back to summary</a></p>
<h3 id="m1">tek.api.sqa.tests.UserProfileTest#userProfileTest</h3><table class="result"><tr><th>Exception</th></tr><tr><td><div class="stacktrace">java.lang.AssertionError: expected [200] but found [403]
	at tek.api.sqa.tests.UserProfileTest.userProfileTest(UserProfileTest.java:21)
	at java.base/java.util.ArrayList.forEach(ArrayList.java:1541)
... Removed 33 stack frames</div></td></tr></table><p class="totop"><a href="#summary">back to summary</a></p>
<h3 id="m2">tek.api.sqa.tests.CreateAccountTest#createAccountValidTest</h3><table class="result"><tr><th class="invisible"/></tr></table><p class="totop"><a href="#summary">back to summary</a></p>
<h3 id="m3">tek.api.sqa.tests.GetAccountTest#getAccountWithAnID</h3><table class="result"><tr><th class="invisible"/></tr></table><p class="totop"><a href="#summary">back to summary</a></p>
<h3 id="m4">tek.api.sqa.tests.GetAllAccountsTest#getAllAccounts</h3><table class="result"><tr><th class="invisible"/></tr></table><p class="totop"><a href="#summary">back to summary</a></p>
<h3 id="m5">tek.api.sqa.tests.GetAllPlanCodeTest#getAllPlanCode</h3><table class="result"><tr><th class="invisible"/></tr></table><p class="totop"><a href="#summary">back to summary</a></p>
<h3 id="m6">tek.api.sqa.tests.SecurityTest#testGeneratedTokenWithInvalidUsername</h3><table class="result"><tr><th class="invisible"/></tr></table><p class="totop"><a href="#summary">back to summary</a></p>
<h3 id="m7">tek.api.sqa.tests.SecurityTest#testGeneratedTokenWithValidUsername</h3><table class="result"><tr><th class="invisible"/></tr></table><p class="totop"><a href="#summary">back to summary</a></p>
<h3 id="m8">tek.api.sqa.tests.TokenVerifyTest#tokenVerifyTest</h3><table class="result"><tr><th class="invisible"/></tr></table><p class="totop"><a href="#summary">back to summary</a></p>
<h3 id="m9">tek.api.sqa.tests.TokenVerifyTest#verifyTestWithInvalidToken</h3><table class="result"><tr><th class="invisible"/></tr></table><p class="totop"><a href="#summary">back to summary</a></p>
</body>
</html>
